2026-04-18 00:45:36,754 - INFO - Pipeline started
2026-04-18 00:45:36,754 - INFO - Ingest step started
2026-04-18 00:45:36,759 - INFO - Ingest step completed
2026-04-18 00:45:36,760 - INFO - Transform step started
2026-04-18 00:45:36,768 - INFO - Transform step completed
2026-04-18 00:45:36,768 - INFO - Load step started
2026-04-18 00:45:36,773 - INFO - Load step completed
2026-04-18 00:45:36,773 - INFO - Pipeline finished successfully
2026-04-18 00:46:24,486 - INFO - Pipeline started
2026-04-18 00:46:24,486 - INFO - Ingest step started
2026-04-18 00:46:24,489 - INFO - Ingest step completed
2026-04-18 00:46:24,490 - INFO - Transform step started
2026-04-18 00:46:24,502 - INFO - Transform step completed
2026-04-18 00:46:24,529 - INFO - Load step started
2026-04-18 00:46:24,534 - INFO - Load step completed
2026-04-18 00:46:24,534 - INFO - Pipeline finished successfully
2026-04-18 01:12:38,135 - INFO - Pipeline started
2026-04-18 01:12:38,135 - INFO - Ingest step started
2026-04-18 01:12:38,138 - INFO - Ingest step completed
2026-04-18 01:12:38,138 - INFO - Transform step started
2026-04-18 01:12:38,148 - INFO - Transform step completed
2026-04-18 01:12:38,148 - INFO - Load step started
2026-04-18 01:12:38,151 - INFO - Load step completed
2026-04-18 01:12:38,151 - INFO - Pipeline finished successfully
2026-04-18 01:13:25,194 - INFO - Pipeline started
2026-04-18 01:13:25,195 - INFO - Ingest step started
2026-04-18 01:13:25,197 - INFO - Ingest step completed
2026-04-18 01:13:25,197 - INFO - Transform step started
2026-04-18 01:13:25,203 - INFO - Transform step completed
2026-04-18 01:13:25,203 - INFO - Load step started
2026-04-18 01:13:25,206 - INFO - Load step completed
2026-04-18 01:13:25,206 - INFO - Pipeline finished successfully
